<?xml version="1.0" encoding="UTF-8"?>
<testng-results ignored="0" total="3" passed="0" failed="3" skipped="0">
  <reporter-output>
  </reporter-output>
  <suite started-at="2021-02-22T12:08:08 IST" name="Glass Lewis" finished-at="2021-02-22T12:09:33 IST" duration-ms="84900">
    <groups>
    </groups>
    <test started-at="2021-02-22T12:08:08 IST" name="Glass Lewis" finished-at="2021-02-22T12:09:33 IST" duration-ms="84900">
      <class name="tests.VerifyCompanyVoteCardTest">
        <test-method is-config="true" signature="beforeSuite()[pri:0, instance:tests.VerifyCompanyVoteCardTest@77eca502]" started-at="2021-02-22T12:08:08 IST" name="beforeSuite" finished-at="2021-02-22T12:08:08 IST" duration-ms="17" status="PASS">
          <reporter-output>
          </reporter-output>
        </test-method> <!-- beforeSuite -->
        <test-method is-config="true" signature="beforeMethod()[pri:0, instance:tests.VerifyCompanyVoteCardTest@77eca502]" started-at="2021-02-22T12:08:09 IST" name="beforeMethod" finished-at="2021-02-22T12:08:09 IST" duration-ms="0" status="PASS">
          <reporter-output>
          </reporter-output>
        </test-method> <!-- beforeMethod -->
        <test-method signature="verifyCompanyVoteCardTest(java.lang.String)[pri:0, instance:tests.VerifyCompanyVoteCardTest@77eca502]" started-at="2021-02-22T12:08:09 IST" name="verifyCompanyVoteCardTest" data-provider="data" finished-at="2021-02-22T12:08:32 IST" duration-ms="23008" status="FAIL">
          <params>
            <param index="0">
              <value>
                <![CDATA[chrome]]>
              </value>
            </param>
          </params>
          <exception class="java.lang.AssertionError">
            <message>
              <![CDATA[Click on Items per page arrow icon failed]]>
            </message>
            <full-stacktrace>
              <![CDATA[java.lang.AssertionError: Click on Items per page arrow icon failed
at org.testng.Assert.fail(Assert.java:99)
at utils.GenericUtils.click(GenericUtils.java:109)
at pages.VerifyCompanyVoteCardPage.clickItemsPerPageArrow(VerifyCompanyVoteCardPage.java:59)
at tests.VerifyCompanyVoteCardTest.verifyCompanyVoteCardTest(VerifyCompanyVoteCardTest.java:32)
at java.base/jdk.internal.reflect.NativeMethodAccessorImpl.invoke0(Native Method)
at java.base/jdk.internal.reflect.NativeMethodAccessorImpl.invoke(NativeMethodAccessorImpl.java:62)
at java.base/jdk.internal.reflect.DelegatingMethodAccessorImpl.invoke(DelegatingMethodAccessorImpl.java:43)
at java.base/java.lang.reflect.Method.invoke(Method.java:566)
at org.testng.internal.MethodInvocationHelper.invokeMethod(MethodInvocationHelper.java:132)
at org.testng.internal.TestInvoker.invokeMethod(TestInvoker.java:599)
at org.testng.internal.TestInvoker.invokeTestMethod(TestInvoker.java:174)
at org.testng.internal.MethodRunner.runInSequence(MethodRunner.java:46)
at org.testng.internal.TestInvoker$MethodInvocationAgent.invoke(TestInvoker.java:822)
at org.testng.internal.TestInvoker.invokeTestMethods(TestInvoker.java:147)
at org.testng.internal.TestMethodWorker.invokeTestMethods(TestMethodWorker.java:146)
at org.testng.internal.TestMethodWorker.run(TestMethodWorker.java:128)
at java.base/java.util.concurrent.ThreadPoolExecutor.runWorker(ThreadPoolExecutor.java:1128)
at java.base/java.util.concurrent.ThreadPoolExecutor$Worker.run(ThreadPoolExecutor.java:628)
at java.base/java.lang.Thread.run(Thread.java:834)
]]>
            </full-stacktrace>
          </exception> <!-- java.lang.AssertionError -->
          <reporter-output>
          </reporter-output>
        </test-method> <!-- verifyCompanyVoteCardTest -->
        <test-method is-config="true" signature="afterMethod()[pri:0, instance:tests.VerifyCompanyVoteCardTest@77eca502]" started-at="2021-02-22T12:08:33 IST" name="afterMethod" finished-at="2021-02-22T12:08:35 IST" duration-ms="1237" status="PASS">
          <reporter-output>
          </reporter-output>
        </test-method> <!-- afterMethod -->
        <test-method is-config="true" signature="beforeMethod()[pri:0, instance:tests.VerifyCompanyVoteCardTest@77eca502]" started-at="2021-02-22T12:08:35 IST" name="beforeMethod" finished-at="2021-02-22T12:08:35 IST" duration-ms="0" status="PASS">
          <reporter-output>
          </reporter-output>
        </test-method> <!-- beforeMethod -->
        <test-method signature="verifyCompanyVoteCardTest(java.lang.String)[pri:0, instance:tests.VerifyCompanyVoteCardTest@77eca502]" started-at="2021-02-22T12:08:35 IST" name="verifyCompanyVoteCardTest" data-provider="data" finished-at="2021-02-22T12:08:53 IST" duration-ms="18547" status="FAIL">
          <params>
            <param index="0">
              <value>
                <![CDATA[firefox]]>
              </value>
            </param>
          </params>
          <exception class="java.lang.AssertionError">
            <message>
              <![CDATA[Click on Items per page arrow icon failed]]>
            </message>
            <full-stacktrace>
              <![CDATA[java.lang.AssertionError: Click on Items per page arrow icon failed
at org.testng.Assert.fail(Assert.java:99)
at utils.GenericUtils.click(GenericUtils.java:109)
at pages.VerifyCompanyVoteCardPage.clickItemsPerPageArrow(VerifyCompanyVoteCardPage.java:59)
at tests.VerifyCompanyVoteCardTest.verifyCompanyVoteCardTest(VerifyCompanyVoteCardTest.java:32)
at java.base/jdk.internal.reflect.NativeMethodAccessorImpl.invoke0(Native Method)
at java.base/jdk.internal.reflect.NativeMethodAccessorImpl.invoke(NativeMethodAccessorImpl.java:62)
at java.base/jdk.internal.reflect.DelegatingMethodAccessorImpl.invoke(DelegatingMethodAccessorImpl.java:43)
at java.base/java.lang.reflect.Method.invoke(Method.java:566)
at org.testng.internal.MethodInvocationHelper.invokeMethod(MethodInvocationHelper.java:132)
at org.testng.internal.TestInvoker.invokeMethod(TestInvoker.java:599)
at org.testng.internal.TestInvoker.invokeTestMethod(TestInvoker.java:174)
at org.testng.internal.MethodRunner.runInSequence(MethodRunner.java:46)
at org.testng.internal.TestInvoker$MethodInvocationAgent.invoke(TestInvoker.java:822)
at org.testng.internal.TestInvoker.invokeTestMethods(TestInvoker.java:147)
at org.testng.internal.TestMethodWorker.invokeTestMethods(TestMethodWorker.java:146)
at org.testng.internal.TestMethodWorker.run(TestMethodWorker.java:128)
at java.base/java.util.concurrent.ThreadPoolExecutor.runWorker(ThreadPoolExecutor.java:1128)
at java.base/java.util.concurrent.ThreadPoolExecutor$Worker.run(ThreadPoolExecutor.java:628)
at java.base/java.lang.Thread.run(Thread.java:834)
]]>
            </full-stacktrace>
          </exception> <!-- java.lang.AssertionError -->
          <reporter-output>
          </reporter-output>
        </test-method> <!-- verifyCompanyVoteCardTest -->
        <test-method is-config="true" signature="afterMethod()[pri:0, instance:tests.VerifyCompanyVoteCardTest@77eca502]" started-at="2021-02-22T12:08:54 IST" name="afterMethod" finished-at="2021-02-22T12:08:56 IST" duration-ms="2630" status="PASS">
          <reporter-output>
          </reporter-output>
        </test-method> <!-- afterMethod -->
        <test-method is-config="true" signature="beforeMethod()[pri:0, instance:tests.VerifyCompanyVoteCardTest@77eca502]" started-at="2021-02-22T12:08:56 IST" name="beforeMethod" finished-at="2021-02-22T12:08:56 IST" duration-ms="1" status="PASS">
          <reporter-output>
          </reporter-output>
        </test-method> <!-- beforeMethod -->
        <test-method signature="verifyCompanyVoteCardTest(java.lang.String)[pri:0, instance:tests.VerifyCompanyVoteCardTest@77eca502]" started-at="2021-02-22T12:08:56 IST" name="verifyCompanyVoteCardTest" data-provider="data" finished-at="2021-02-22T12:09:32 IST" duration-ms="35934" status="FAIL">
          <params>
            <param index="0">
              <value>
                <![CDATA[chrome-headless]]>
              </value>
            </param>
          </params>
          <exception class="java.lang.AssertionError">
            <message>
              <![CDATA[Company Name Activision does not exist]]>
            </message>
            <full-stacktrace>
              <![CDATA[java.lang.AssertionError: Company Name Activision does not exist
at org.testng.Assert.fail(Assert.java:99)
at utils.GenericUtils.checkFieldExist(GenericUtils.java:181)
at pages.VerifyCompanyVoteCardPage.checkCompanyNameBanner(VerifyCompanyVoteCardPage.java:81)
at tests.VerifyCompanyVoteCardTest.verifyCompanyVoteCardTest(VerifyCompanyVoteCardTest.java:38)
at java.base/jdk.internal.reflect.NativeMethodAccessorImpl.invoke0(Native Method)
at java.base/jdk.internal.reflect.NativeMethodAccessorImpl.invoke(NativeMethodAccessorImpl.java:62)
at java.base/jdk.internal.reflect.DelegatingMethodAccessorImpl.invoke(DelegatingMethodAccessorImpl.java:43)
at java.base/java.lang.reflect.Method.invoke(Method.java:566)
at org.testng.internal.MethodInvocationHelper.invokeMethod(MethodInvocationHelper.java:132)
at org.testng.internal.TestInvoker.invokeMethod(TestInvoker.java:599)
at org.testng.internal.TestInvoker.invokeTestMethod(TestInvoker.java:174)
at org.testng.internal.MethodRunner.runInSequence(MethodRunner.java:46)
at org.testng.internal.TestInvoker$MethodInvocationAgent.invoke(TestInvoker.java:822)
at org.testng.internal.TestInvoker.invokeTestMethods(TestInvoker.java:147)
at org.testng.internal.TestMethodWorker.invokeTestMethods(TestMethodWorker.java:146)
at org.testng.internal.TestMethodWorker.run(TestMethodWorker.java:128)
at java.base/java.util.concurrent.ThreadPoolExecutor.runWorker(ThreadPoolExecutor.java:1128)
at java.base/java.util.concurrent.ThreadPoolExecutor$Worker.run(ThreadPoolExecutor.java:628)
at java.base/java.lang.Thread.run(Thread.java:834)
]]>
            </full-stacktrace>
          </exception> <!-- java.lang.AssertionError -->
          <reporter-output>
          </reporter-output>
        </test-method> <!-- verifyCompanyVoteCardTest -->
        <test-method is-config="true" signature="afterMethod()[pri:0, instance:tests.VerifyCompanyVoteCardTest@77eca502]" started-at="2021-02-22T12:09:32 IST" name="afterMethod" finished-at="2021-02-22T12:09:33 IST" duration-ms="750" status="PASS">
          <reporter-output>
          </reporter-output>
        </test-method> <!-- afterMethod -->
        <test-method is-config="true" signature="afterSuite()[pri:0, instance:tests.VerifyCompanyVoteCardTest@77eca502]" started-at="2021-02-22T12:09:33 IST" name="afterSuite" finished-at="2021-02-22T12:09:33 IST" duration-ms="2" status="PASS">
          <reporter-output>
          </reporter-output>
        </test-method> <!-- afterSuite -->
      </class> <!-- tests.VerifyCompanyVoteCardTest -->
    </test> <!-- Glass Lewis -->
  </suite> <!-- Glass Lewis -->
</testng-results>
